Log file open, 12/24/17 13:02:34
LogWindows: Failed to load 'aqProf.dll' (GetLastError=126)
LogWindows: File 'aqProf.dll' does not exist
LogWindows: Failed to load 'VSPerf140.dll' (GetLastError=126)
LogWindows: File 'VSPerf140.dll' does not exist
LogWindows: Failed to load 'VtuneApi.dll' (GetLastError=126)
LogWindows: File 'VtuneApi.dll' does not exist
LogWindows: Failed to load 'VtuneApi32e.dll' (GetLastError=126)
LogWindows: File 'VtuneApi32e.dll' does not exist
LogInit: Display: Running engine for game: DigitalDemon
LogPlatformFile: Not using cached read wrapper
LogInit: Display: RandInit(-1401749106) SRandInit(-1401749106).
LogTaskGraph: Started task graph with 5 named threads and 8 total threads with 3 sets of task threads.
LogStats: Stats thread started at 0.172475
LogD3D11RHI: Aftermath initialized
LogPluginManager: Mounting plugin Paper2D
LogPluginManager: Mounting plugin LightPropagationVolume
LogPluginManager: Mounting plugin CodeLiteSourceCodeAccess
LogPluginManager: Mounting plugin GitSourceControl
LogPluginManager: Mounting plugin KDevelopSourceCodeAccess
LogPluginManager: Mounting plugin NullSourceCodeAccess
LogPluginManager: Mounting plugin PerforceSourceControl
LogPluginManager: Mounting plugin SubversionSourceControl
LogPluginManager: Mounting plugin UObjectPlugin
LogPluginManager: Mounting plugin VisualStudioSourceCodeAccess
LogPluginManager: Mounting plugin XCodeSourceCodeAccess
LogPluginManager: Mounting plugin AssetManagerEditor
LogPluginManager: Mounting plugin AudioCapture
LogPluginManager: Mounting plugin FacialAnimation
LogPluginManager: Mounting plugin GameplayTagsEditor
LogPluginManager: Mounting plugin MobileLauncherProfileWizard
LogPluginManager: Mounting plugin PluginBrowser
LogPluginManager: Mounting plugin SpeedTreeImporter
LogPluginManager: Mounting plugin AlembicImporter
LogPluginManager: Mounting plugin CharacterAI
LogPluginManager: Mounting plugin HTML5Networking
LogPluginManager: Mounting plugin AndroidMedia
LogPluginManager: Mounting plugin AvfMedia
LogPluginManager: Mounting plugin MediaPlayerEditor
LogPluginManager: Mounting plugin WmfMedia
LogPluginManager: Mounting plugin TcpMessaging
LogPluginManager: Mounting plugin UdpMessaging
LogPluginManager: Mounting plugin LevelSequenceEditor
LogPluginManager: Mounting plugin MatineeToLevelSequence
LogPluginManager: Mounting plugin OnlineSubsystemGooglePlay
LogPluginManager: Mounting plugin OnlineSubsystemIOS
LogPluginManager: Mounting plugin OnlineSubsystem
LogPluginManager: Mounting plugin OnlineSubsystemNull
LogPluginManager: Mounting plugin OnlineSubsystemUtils
LogPluginManager: Mounting plugin AndroidDeviceProfileSelector
LogPluginManager: Mounting plugin AndroidMoviePlayer
LogPluginManager: Mounting plugin AndroidPermission
LogPluginManager: Mounting plugin AppleMoviePlayer
LogPluginManager: Mounting plugin ArchVisCharacter
LogPluginManager: Mounting plugin CableComponent
LogPluginManager: Mounting plugin CustomMeshComponent
LogPluginManager: Mounting plugin ExampleDeviceProfileSelector
LogPluginManager: Mounting plugin GoogleCloudMessaging
LogPluginManager: Mounting plugin ImmediatePhysics
LogPluginManager: Mounting plugin IOSDeviceProfileSelector
LogPluginManager: Mounting plugin LinuxDeviceProfileSelector
LogPluginManager: Mounting plugin LocationServicesBPLibrary
LogPluginManager: Mounting plugin MobilePatchingUtils
LogPluginManager: Mounting plugin OculusVR
LogPluginManager: Mounting plugin PhysXVehicles
LogPluginManager: Mounting plugin ProceduralMeshComponent
LogPluginManager: Mounting plugin RuntimePhysXCooking
LogPluginManager: Mounting plugin SteamVR
LogPluginManager: Mounting plugin WindowsMoviePlayer
LogInit: Using libcurl 7.47.1
LogInit:  - built for x86_64-pc-win32
LogInit:  - supports SSL with OpenSSL/1.0.2g
LogInit:  - supports HTTP deflate (compression) using libz 1.2.8
LogInit:  - other features:
LogInit:      CURL_VERSION_SSL
LogInit:      CURL_VERSION_LIBZ
LogInit:      CURL_VERSION_IPV6
LogInit:      CURL_VERSION_ASYNCHDNS
LogInit:      CURL_VERSION_LARGEFILE
LogInit:      CURL_VERSION_IDN
LogInit:  CurlRequestOptions (configurable via config and command line):
LogInit:  - bVerifyPeer = false  - Libcurl will NOT verify peer certificate
LogInit:  - bUseHttpProxy = false  - Libcurl will NOT use HTTP proxy
LogInit:  - bDontReuseConnections = false  - Libcurl will reuse connections
LogInit:  - CertBundlePath = nullptr  - Libcurl will use whatever was configured at build time.
LogInit: Build: ++UE4+Release-4.17-CL-3658906
LogInit: Engine Version: 4.17.2-3658906+++UE4+Release-4.17
LogInit: Compatible Engine Version: 4.17.0-3573198+++UE4+Release-4.17
LogInit: Net CL: 3573198
LogDevObjectVersion: Number of dev versions registered: 16
LogDevObjectVersion:   Dev-Blueprints (B0D832E4-1F89-4F0D-ACCF-7EB736FD4AA2): 10
LogDevObjectVersion:   Dev-Build (E1C64328-A22C-4D53-A36C-8E866417BD8C): 0
LogDevObjectVersion:   Dev-Core (375EC13C-06E4-48FB-B500-84F0262A717E): 2
LogDevObjectVersion:   Dev-Editor (E4B068ED-F494-42E9-A231-DA0B2E46BB41): 20
LogDevObjectVersion:   Dev-Framework (CFFC743F-43B0-4480-9391-14DF171D2073): 28
LogDevObjectVersion:   Dev-Mobile (B02B49B5-BB20-44E9-A304-32B752E40360): 0
LogDevObjectVersion:   Dev-Networking (A4E4105C-59A1-49B5-A7C5-40C4547EDFEE): 0
LogDevObjectVersion:   Dev-Online (39C831C9-5AE6-47DC-9A44-9C173E1C8E7C): 0
LogDevObjectVersion:   Dev-Physics (78F01B33-EBEA-4F98-B9B4-84EACCB95AA2): 0
LogDevObjectVersion:   Dev-Platform (6631380F-2D4D-43E0-8009-CF276956A95A): 0
LogDevObjectVersion:   Dev-Rendering (12F88B9F-8875-4AFC-A67C-D90C383ABD29): 19
LogDevObjectVersion:   Dev-Sequencer (7B5AE74C-D270-4C10-A958-57980B212A5A): 4
LogDevObjectVersion:   Dev-VR (D7296918-1DD6-4BDD-9DE2-64A83CC13884): 0
LogDevObjectVersion:   Dev-LoadTimes (C2A15278-BFE7-4AFE-6C17-90FF531DF755): 1
LogDevObjectVersion:   Private-Geometry (6EACA3D4-40EC-4CC1-B786-8BED09428FC5): 1
LogDevObjectVersion:   Dev-AnimPhys (29E575DD-E0A3-4627-9D10-D276232CDCEA): 7
LogInit: Compiled (64-bit): Sep 22 2017 13:47:16
LogInit: Compiled with Visual C++: 19.00.24215.01
LogInit: Build Configuration: Development
LogInit: Branch Name: ++UE4+Release-4.17
LogInit: Command line: -EpicPortal 
LogInit: Base directory: C:/Users/jktig/Documents/unreal4/UE_4.17/Engine/Binaries/Win64/
LogInit: Installed Engine Build: 1
LogInit: Presizing for max 8388607 objects, including 0 objects not considered by GC, pre-allocating 0 bytes for permanent pool.
LogInit: Object subsystem initialized
[2017.12.24-18.02.35:329][  0]LogInit: Selected Device Profile: [Windows]
[2017.12.24-18.02.35:329][  0]LogInit: Applying CVar settings loaded from the selected device profile: [Windows]
[2017.12.24-18.02.35:352][  0]LogInit: Computer: DESKTOP-D95B7RI
[2017.12.24-18.02.35:352][  0]LogInit: User: jktig
[2017.12.24-18.02.35:352][  0]LogInit: CPU Page size=4096, Cores=2
[2017.12.24-18.02.35:352][  0]LogInit: High frequency timer resolution =2.648435 MHz
[2017.12.24-18.02.35:352][  0]LogMemory: Memory total: Physical=11.9GB (12GB approx)
[2017.12.24-18.02.35:352][  0]LogMemory: Platform Memory Stats for Windows
[2017.12.24-18.02.35:352][  0]LogMemory: Process Physical Memory: 278.50 MB used, 278.50 MB peak
[2017.12.24-18.02.35:352][  0]LogMemory: Process Virtual Memory: 275.79 MB used, 275.79 MB peak
[2017.12.24-18.02.35:352][  0]LogMemory: Physical Memory: 4063.45 MB used,  8107.73 MB free, 12171.18 MB total
[2017.12.24-18.02.35:352][  0]LogMemory: Virtual Memory: 657.37 MB used,  8107.73 MB free, 134217728.00 MB total
[2017.12.24-18.02.35:591][  0]LogInit: Using OS detected language (en-US).
[2017.12.24-18.02.35:591][  0]LogInit: Using OS detected locale (en-US).
[2017.12.24-18.02.35:596][  0]LogTextLocalizationManager: No specific localization for 'en-US' exists, so the 'en' localization will be used.
[2017.12.24-18.02.36:473][  0]LogD3D11RHI: D3D11 adapters:
[2017.12.24-18.02.36:487][  0]LogD3D11RHI:    0. 'Intel(R) HD Graphics 620' (Feature Level 11_0)
[2017.12.24-18.02.36:487][  0]LogD3D11RHI:       128/0/6085 MB DedicatedVideo/DedicatedSystem/SharedSystem, Outputs:1, VendorId:0x8086
[2017.12.24-18.02.36:492][  0]LogD3D11RHI:    1. 'Microsoft Basic Render Driver' (Feature Level 11_0)
[2017.12.24-18.02.36:492][  0]LogD3D11RHI:       0/0/6085 MB DedicatedVideo/DedicatedSystem/SharedSystem, Outputs:0, VendorId:0x1414
[2017.12.24-18.02.36:492][  0]LogD3D11RHI: Chosen D3D11 Adapter: 0
[2017.12.24-18.02.36:500][  0]LogD3D11RHI: Creating new Direct3DDevice
[2017.12.24-18.02.36:500][  0]LogD3D11RHI:     GPU DeviceId: 0x5916 (for the marketing name, search the web for "GPU Device Id")
[2017.12.24-18.02.36:500][  0]LogWindows: EnumDisplayDevices:
[2017.12.24-18.02.36:500][  0]LogWindows:    0. 'Intel(R) HD Graphics 620' (P:1 D:1)
[2017.12.24-18.02.36:501][  0]LogWindows:    1. 'Intel(R) HD Graphics 620' (P:0 D:0)
[2017.12.24-18.02.36:501][  0]LogWindows:    2. 'Intel(R) HD Graphics 620' (P:0 D:0)
[2017.12.24-18.02.36:501][  0]LogWindows: DebugString: FoundDriverCount:3 
[2017.12.24-18.02.36:501][  0]LogD3D11RHI:     Adapter Name: Intel(R) HD Graphics 620
[2017.12.24-18.02.36:501][  0]LogD3D11RHI:   Driver Version: 21.20.16.4550 (internal:21.20.16.4550, unified:21.20.16.4550)
[2017.12.24-18.02.36:501][  0]LogD3D11RHI:      Driver Date: 11-11-2016
[2017.12.24-18.02.36:501][  0]LogRHI: Texture pool is 1361 MB (70% of 1945 MB)
[2017.12.24-18.02.36:511][  0]LogD3D11RHI: Async texture creation enabled
[2017.12.24-18.02.36:517][  0]LogD3D11RHI: GPU Timing Frequency: 12.000000 (Debug: 2 0)
[2017.12.24-18.02.36:519][  0]LogShaderCompilers: Guid format shader working directory is 21 characters bigger than the processId version (../../../../../2017-team4/Intermediate/Shaders/WorkingDirectory/8480/).
[2017.12.24-18.02.36:519][  0]LogShaderCompilers: Cleaned the shader compiler working directory 'C:/Users/jktig/AppData/Local/Temp/UnrealShaderWorkingDir/4C056DAB4AA9788C2C980C820BB35128/'.
[2017.12.24-18.02.36:519][  0]LogShaderCompilers: Display: Using Local Shader Compiler.
[2017.12.24-18.02.38:342][  0]LogTemp: Display: Loaded TP AllDesktopTargetPlatform
[2017.12.24-18.02.38:443][  0]LogTemp: Display: Loaded TP MacClientTargetPlatform
[2017.12.24-18.02.38:545][  0]LogTemp: Display: Loaded TP MacNoEditorTargetPlatform
[2017.12.24-18.02.38:654][  0]LogTemp: Display: Loaded TP MacServerTargetPlatform
[2017.12.24-18.02.38:780][  0]LogTemp: Display: Loaded TP MacTargetPlatform
[2017.12.24-18.02.38:916][  0]LogTemp: Display: Loaded TP WindowsClientTargetPlatform
[2017.12.24-18.02.39:034][  0]LogTemp: Display: Loaded TP WindowsNoEditorTargetPlatform
[2017.12.24-18.02.39:145][  0]LogTemp: Display: Loaded TP WindowsServerTargetPlatform
[2017.12.24-18.02.39:249][  0]LogTemp: Display: Loaded TP WindowsTargetPlatform
[2017.12.24-18.02.39:369][  0]LogTemp: Display: Loaded TP AndroidTargetPlatform
[2017.12.24-18.02.39:488][  0]LogTemp: Display: Loaded TP Android_ASTCTargetPlatform
[2017.12.24-18.02.39:605][  0]LogTemp: Display: Loaded TP Android_ATCTargetPlatform
[2017.12.24-18.02.39:698][  0]LogTemp: Display: Loaded TP Android_DXTTargetPlatform
[2017.12.24-18.02.39:797][  0]LogTemp: Display: Loaded TP Android_ETC1TargetPlatform
[2017.12.24-18.02.39:893][  0]LogTemp: Display: Loaded TP Android_ETC2TargetPlatform
[2017.12.24-18.02.40:113][  0]LogTemp: Display: Loaded TP Android_MultiTargetPlatform
[2017.12.24-18.02.40:114][  0]LogTemp: Display: Loaded TP Android_PVRTCTargetPlatform
[2017.12.24-18.02.40:188][  0]LogTemp: Display: Loaded TP HTML5TargetPlatform
[2017.12.24-18.02.40:316][  0]LogTemp: Display: Loaded TP IOSTargetPlatform
[2017.12.24-18.02.40:369][  0]LogTemp: Display: Loaded TP TVOSTargetPlatform
[2017.12.24-18.02.40:460][  0]LogTemp: Display: Loaded TP LinuxClientTargetPlatform
[2017.12.24-18.02.40:534][  0]LogTemp: Display: Loaded TP LinuxNoEditorTargetPlatform
[2017.12.24-18.02.40:607][  0]LogTemp: Display: Loaded TP LinuxServerTargetPlatform
[2017.12.24-18.02.40:698][  0]LogTemp: Display: Loaded TP LinuxTargetPlatform
[2017.12.24-18.02.40:698][  0]LogTargetPlatformManager: Display: Building Assets For Windows
[2017.12.24-18.02.41:892][  0]LogDerivedDataCache: Display: Max Cache Size: 512 MB
[2017.12.24-18.02.42:008][  0]LogDerivedDataCache: Loaded boot cache 0.11s 93MB C:/Users/jktig/AppData/Local/UnrealEngine/4.17/DerivedDataCache/Boot.ddc.
[2017.12.24-18.02.42:008][  0]LogDerivedDataCache: Display: Loaded Boot cache: C:/Users/jktig/AppData/Local/UnrealEngine/4.17/DerivedDataCache/Boot.ddc
[2017.12.24-18.02.42:008][  0]LogDerivedDataCache: FDerivedDataBackendGraph:  Pak pak cache file ../../../../../2017-team4/DerivedDataCache/DDC.ddp not found, will not use a pak cache.
[2017.12.24-18.02.42:008][  0]LogDerivedDataCache: Unable to find inner node Pak for hierarchical cache Hierarchy.
[2017.12.24-18.02.42:008][  0]LogDerivedDataCache: FDerivedDataBackendGraph:  CompressedPak pak cache file ../../../../../2017-team4/DerivedDataCache/Compressed.ddp not found, will not use a pak cache.
[2017.12.24-18.02.42:008][  0]LogDerivedDataCache: Unable to find inner node CompressedPak for hierarchical cache Hierarchy.
[2017.12.24-18.02.42:028][  0]LogDerivedDataCache: Display: Pak cache opened for reading ../../../Engine/DerivedDataCache/Compressed.ddp.
[2017.12.24-18.02.42:042][  0]LogDerivedDataCache: Using Local data cache path C:/Users/jktig/AppData/Local/UnrealEngine/Common/DerivedDataCache: Writable
[2017.12.24-18.02.42:053][  0]LogMaterial: Verifying Global Shaders for PCD3D_SM5
[2017.12.24-18.02.42:053][  0]LogSlate: Using Freetype 2.6.0
[2017.12.24-18.02.42:054][  0]LogSlate: SlateFontCache - WITH_FREETYPE: 1, WITH_HARFBUZZ: 1
[2017.12.24-18.02.42:054][  0]LogSlate: SlateFontCache - WITH_FREETYPE: 1, WITH_HARFBUZZ: 1
[2017.12.24-18.02.42:470][  0]LogAssetRegistry: FAssetRegistry took 0.0283 seconds to start up
[2017.12.24-18.02.42:690][  0]LogInit: Selected Device Profile: [Windows]
[2017.12.24-18.02.43:462][  0]LogSimplygon: Simplygon DLL not present - disabling.
[2017.12.24-18.02.43:572][  0]LogMeshReduction: Using SimplygonSwarm for distributed automatic mesh merging
[2017.12.24-18.02.43:572][  0]LogMeshReduction: Using QuadricMeshReduction for automatic static mesh reduction
[2017.12.24-18.02.43:572][  0]LogMeshReduction: No automatic skeletal mesh reduction module available
[2017.12.24-18.02.43:572][  0]LogMeshReduction: No automatic mesh merging module available
[2017.12.24-18.02.43:572][  0]LogMeshMerging: No automatic mesh merging module available
[2017.12.24-18.02.43:613][  0]LogContentStreaming: Texture pool size is 0.00 MB
[2017.12.24-18.02.44:336][  0]LogNetVersion: DigitalDemon , NetCL: 3573198, EngineNetVer: 2, GameNetVer: 0 (Checksum: 2581881815)
[2017.12.24-18.02.44:754][  0]LogPackageLocalizationCache: Processed 5 localized package path(s) for 2 prioritized culture(s) in 0.172708 seconds
[2017.12.24-18.02.44:763][  0]LogUObjectArray: 35825 objects as part of root set at end of initial load.
[2017.12.24-18.02.44:763][  0]LogUObjectAllocator: 7529104 out of 0 bytes used by permanent object pool.
[2017.12.24-18.02.44:763][  0]LogUObjectArray: CloseDisregardForGC: 0/0 objects in disregard for GC pool
[2017.12.24-18.02.44:871][  0]LogInit: WinSock: version 1.1 (2.2), MaxSocks=32767, MaxUdp=65467
[2017.12.24-18.02.49:757][  0]LogTcpMessaging: Initializing TcpMessaging bridge
[2017.12.24-18.02.49:822][  0]LogUdpMessaging: Initializing bridge on interface 0.0.0.0:0 to multicast group 230.0.0.1:6666.
[2017.12.24-18.02.51:156][  0]LogMaterial: Uniform references updated for custom material expression Custom.
[2017.12.24-18.02.51:951][  0]SourceControl: Source control is disabled
[2017.12.24-18.02.51:951][  0]SourceControl: Source control is disabled
[2017.12.24-18.02.52:044][  0]SourceControl: Source control is disabled
[2017.12.24-18.02.52:149][  0]SourceControl: Source control is disabled
[2017.12.24-18.02.53:254][  0]LogAndroidPermission: UAndroidPermissionCallbackProxy::GetInstance
[2017.12.24-18.02.53:644][  0]LogOcInput: OculusInput pre-init called
[2017.12.24-18.02.54:170][  0]LogEngine: Initializing Engine...
[2017.12.24-18.02.54:174][  0]LogHMD: Failed to initialize OpenVR with code 110
[2017.12.24-18.02.54:492][  0]LogStats: UGameplayTagsManager::ConstructGameplayTagTree: Construct from data asset -  0.000 s
[2017.12.24-18.02.54:492][  0]LogStats: UGameplayTagsManager::ConstructGameplayTagTree: GameplayTagTreeChangedEvent.Broadcast -  0.000 s
[2017.12.24-18.02.54:723][  0]LogAIModule: Creating AISystem for world Untitled
[2017.12.24-18.02.54:738][  0]LogInit: XAudio2 using 'Speakers (Realtek High Definition Audio)' : 2 channels at 48 kHz using 32 bits per sample (channel mask 0x3)
[2017.12.24-18.02.54:861][  0]LogInit: FAudioDevice initialized.
[2017.12.24-18.02.55:293][  0]LogDerivedDataCache: Saved boot cache 0.43s 93MB C:/Users/jktig/AppData/Local/UnrealEngine/4.17/DerivedDataCache/Boot.ddc.
[2017.12.24-18.02.55:317][  0]LogInit: Texture streaming: Enabled
[2017.12.24-18.02.55:549][  0]LogEngineSessionManager: EngineSessionManager initialized
[2017.12.24-18.02.55:960][  0]LogInit: Transaction tracking system initialized
[2017.12.24-18.02.56:604][  0]BlueprintLog: New page: Editor Load
[2017.12.24-18.02.58:308][  0]LocalizationService: Localization service is disabled
[2017.12.24-18.02.59:508][  0]LogConsoleResponse: Display: 
[2017.12.24-18.03.00:306][  0]LogCook: Display: Max memory allowance for cook 16384mb min free memory 0mb
[2017.12.24-18.03.00:306][  0]LogCook: Display: Mobile HDR setting 1
[2017.12.24-18.03.00:306][  0]LogGameplayTags: Display: UGameplayTagsManager::DoneAddingNativeTags. DelegateIsBound: 0
[2017.12.24-18.03.00:616][  0]LogFileCache: Scanning file cache for directory 'C:/Users/jktig/Documents/2017-team4/Content/' took 0.62s
[2017.12.24-18.03.02:444][  0]SourceControl: Source control is disabled
[2017.12.24-18.03.02:445][  0]Cmd: MAP LOAD FILE="../../../../../2017-team4/Content/levels/mainMenu.umap" TEMPLATE=0 SHOWPROGRESS=1 FEATURELEVEL=3
[2017.12.24-18.03.02:459][  0]LightingResults: New page: Lighting Build
[2017.12.24-18.03.02:550][  0]MapCheck: New page: Map Check
[2017.12.24-18.03.02:551][  0]LightingResults: New page: Lighting Build
[2017.12.24-18.03.07:478][  0]LogAIModule: Creating AISystem for world mainMenu
[2017.12.24-18.03.07:498][  0]LogEditorServer: Finished looking for orphan Actors (0.000 secs)
[2017.12.24-18.03.07:520][  0]Cmd: MAP CHECKDEP NOCLEARLOG
[2017.12.24-18.03.07:664][  0]MapCheck: Map check complete: 0 Error(s), 0 Warning(s), took 143.825ms to complete.
[2017.12.24-18.03.07:664][  0]LogFileHelpers: Loading map 'mainMenu' took 5.220
[2017.12.24-18.03.07:732][  0]LogWindowsTextInputMethodSystem: Display: IME system now deactivated.
[2017.12.24-18.03.07:733][  0]LogWindowsTextInputMethodSystem: Display: IME system now deactivated.
[2017.12.24-18.03.08:172][  0]LogCollectionManager: Loaded 0 collections in 0.003154 seconds
[2017.12.24-18.03.08:301][  0]LogFileCache: Scanning file cache for directory 'C:/Users/jktig/Documents/2017-team4/Saved/Collections/' took 0.01s
[2017.12.24-18.03.08:301][  0]LogFileCache: Scanning file cache for directory 'C:/Users/jktig/Documents/2017-team4/Content/Developers/jktig/Collections/' took 0.01s
[2017.12.24-18.03.08:301][  0]LogFileCache: Scanning file cache for directory 'C:/Users/jktig/Documents/2017-team4/Content/Collections/' took 0.01s
[2017.12.24-18.03.08:301][  0]LogCollectionManager: Rebuilt the GUID cache for 0 collections in 0.000000 seconds
[2017.12.24-18.03.08:312][  0]LogContentBrowser: Native class hierarchy populated in 0.0105 seconds. Added 2386 classes and 500 folders.
[2017.12.24-18.03.08:445][  0]LogContentBrowser: Native class hierarchy updated for 'WidgetCarousel' in 0.0013 seconds. Added 0 classes and 0 folders.
[2017.12.24-18.03.10:106][  0]LogContentBrowser: Native class hierarchy updated for 'AddContentDialog' in 0.0027 seconds. Added 0 classes and 0 folders.
[2017.12.24-18.03.10:410][  0]LogContentBrowser: Native class hierarchy updated for 'SceneOutliner' in 0.0015 seconds. Added 1 classes and 2 folders.
[2017.12.24-18.03.10:444][  0]LogSlate: Took 0.000591 seconds to synchronously load lazily loaded font '../../../Engine/Content/Slate/Fonts/Roboto-Regular.ttf' (155K)
[2017.12.24-18.03.10:447][  0]LogSlate: Took 0.000328 seconds to synchronously load lazily loaded font '../../../Engine/Content/Slate/Fonts/Roboto-Bold.ttf' (160K)
[2017.12.24-18.03.10:462][  0]LogSlate: Took 0.007328 seconds to synchronously load lazily loaded font '../../../Engine/Content/Editor/Slate/Fonts/FontAwesome.ttf' (139K)
[2017.12.24-18.03.12:073][  0]LogRenderer: Reallocating scene render targets to support 964x436 Format 10 NumSamples 1 (Frame:1).
[2017.12.24-18.03.12:551][  0]LogContentBrowser: Native class hierarchy updated for 'HierarchicalLODOutliner' in 0.0012 seconds. Added 1 classes and 2 folders.
[2017.12.24-18.03.12:552][  0]LogLoad: (Engine Initialization) Total time: 42.09 seconds
[2017.12.24-18.03.12:552][  0]LogLoad: (Engine Initialization) Total Blueprint compile time: 0.00 seconds
[2017.12.24-18.03.12:552][  0]LogExternalProfiler: No external profilers were discovered.  External profiling features will not be available.
[2017.12.24-18.03.12:857][  0]LogContentStreaming: Texture pool size now 1000 MB
[2017.12.24-18.03.12:991][  0]LogSlate: Took 0.031970 seconds to synchronously load lazily loaded font '../../../Engine/Content/Slate/Fonts/Roboto-Light.ttf' (159K)
[2017.12.24-18.03.13:027][  1]LogFileCache: Retrieving MD5 hashes for directory 'C:/Users/jktig/Documents/2017-team4/Content/' took 0.44s
[2017.12.24-18.03.13:043][  1]LogAssetRegistry: Asset discovery search completed in 30.5959 seconds
[2017.12.24-18.03.13:046][  1]LogCollectionManager: Rebuilt the object cache for 0 collections in 0.000000 seconds (found 0 objects)
[2017.12.24-18.03.13:046][  1]LogCollectionManager: Fixed up redirectors for 0 collections in 0.000057 seconds (updated 0 objects)
[2017.12.24-18.03.21:831][295]LogEditorViewport: Clicking Background
[2017.12.24-18.03.22:704][343]LogTemp: Repeating last play command: New Editor Window (PIE)
[2017.12.24-18.03.22:932][343]LogBlueprintUserMessages: Early PlayInEditor Detection: Level '/Game/levels/mainMenu.mainMenu:PersistentLevel' has LevelScriptBlueprint '/Game/levels/mainMenu.mainMenu:PersistentLevel.mainMenu' with GeneratedClass '/Game/levels/mainMenu.mainMenu_C' with ClassGeneratedBy '/Game/levels/mainMenu.mainMenu:PersistentLevel.mainMenu'
[2017.12.24-18.03.22:932][343]LogPlayLevel: PlayLevel: No blueprints needed recompiling
[2017.12.24-18.03.22:933][343]PIE: New page: PIE session: mainMenu (Dec 24, 2017, 8:03:22 AM)
[2017.12.24-18.03.22:935][343]LogPlayLevel: Creating play world package: /Game/levels/UEDPIE_0_mainMenu
[2017.12.24-18.03.22:962][343]LogPlayLevel: PIE: StaticDuplicateObject took: (0.027218s)
[2017.12.24-18.03.22:963][343]LogAIModule: Creating AISystem for world mainMenu
[2017.12.24-18.03.22:963][343]LogPlayLevel: PIE: World Init took: (0.000933s)
[2017.12.24-18.03.22:963][343]LogPlayLevel: PIE: Created PIE world by copying editor world from /Game/levels/mainMenu.mainMenu to /Game/levels/UEDPIE_0_mainMenu.mainMenu (0.028521s)
[2017.12.24-18.03.22:988][343]LogInit: XAudio2 using 'Speakers (Realtek High Definition Audio)' : 2 channels at 48 kHz using 32 bits per sample (channel mask 0x3)
[2017.12.24-18.03.23:069][343]LogInit: FAudioDevice initialized.
[2017.12.24-18.03.23:178][343]LogLoad: Game class is '2DSideScrollerGameMode_C'
[2017.12.24-18.03.23:180][343]LogWorld: Bringing World /Game/levels/UEDPIE_0_mainMenu.mainMenu up for play (max tick rate 60) at 2017.12.24-13.03.23
[2017.12.24-18.03.23:195][343]LogWorld: Bringing up level for play took: 0.016149
[2017.12.24-18.03.23:418][343]LogContentBrowser: Native class hierarchy updated for 'MovieSceneCapture' in 0.0018 seconds. Added 11 classes and 0 folders.
[2017.12.24-18.03.23:427][343]PIE: Play in editor start time for /Game/levels/UEDPIE_0_mainMenu -0.398
[2017.12.24-18.03.23:428][343]LogBlueprintUserMessages: Late PlayInEditor Detection: Level '/Game/levels/mainMenu.mainMenu:PersistentLevel' has LevelScriptBlueprint '/Game/levels/mainMenu.mainMenu:PersistentLevel.mainMenu' with GeneratedClass '/Game/levels/mainMenu.mainMenu_C' with ClassGeneratedBy '/Game/levels/mainMenu.mainMenu:PersistentLevel.mainMenu'
[2017.12.24-18.03.23:485][343]LogRenderer: Reallocating scene render targets to support 1292x756 Format 10 NumSamples 1 (Frame:1).
[2017.12.24-18.03.44:690][996]LogNet: Browse: /Game/DigitalDemon/Levels/BorderLevel
[2017.12.24-18.03.44:691][996]LogLoad: LoadMap: /Game/DigitalDemon/Levels/BorderLevel
[2017.12.24-18.03.44:756][996]Cmd: MEM
[2017.12.24-18.03.44:950][996]LogMemory: Platform Memory Stats for Windows
[2017.12.24-18.03.44:950][996]LogMemory: Process Physical Memory: 1465.88 MB used, 1553.23 MB peak
[2017.12.24-18.03.44:950][996]LogMemory: Process Virtual Memory: 1423.77 MB used, 1514.23 MB peak
[2017.12.24-18.03.44:950][996]LogMemory: Physical Memory: 5402.05 MB used,  6769.13 MB free, 12171.18 MB total
[2017.12.24-18.03.44:950][996]LogMemory: Virtual Memory: 2289.79 MB used,  6769.13 MB free, 134217728.00 MB total
[2017.12.24-18.03.44:950][996]LogMemory: 
[2017.12.24-18.03.44:950][996]Allocator Stats for TBB: (not implemented)
[2017.12.24-18.03.49:661][996]LogAIModule: Creating AISystem for world BorderLevel
[2017.12.24-18.03.49:662][996]LogLoad: Game class is '2DSideScrollerGameMode_C'
[2017.12.24-18.03.49:677][996]LogWorld: Bringing World /Game/DigitalDemon/Levels/UEDPIE_0_BorderLevel.BorderLevel up for play (max tick rate 60) at 2017.12.24-13.03.49
[2017.12.24-18.03.49:678][996]LogWorld: Bringing up level for play took: 0.015609
[2017.12.24-18.03.49:679][996]LogGameMode: FindPlayerStart: PATHS NOT DEFINED or NO PLAYERSTART with positive rating
[2017.12.24-18.03.49:725][996]LogLoad: Took 5.034039 seconds to LoadMap(/Game/DigitalDemon/Levels/BorderLevel)
[2017.12.24-18.04.28:540][152]LogBlueprintUserMessages: Early EndPlayMap Detection: Level '/Game/levels/mainMenu.mainMenu:PersistentLevel' has LevelScriptBlueprint '/Game/levels/mainMenu.mainMenu:PersistentLevel.mainMenu' with GeneratedClass '/Game/levels/mainMenu.mainMenu_C' with ClassGeneratedBy '/Game/levels/mainMenu.mainMenu:PersistentLevel.mainMenu'
[2017.12.24-18.04.28:605][152]LogBlueprintUserMessages: Late EndPlayMap Detection: Level '/Game/levels/mainMenu.mainMenu:PersistentLevel' has LevelScriptBlueprint '/Game/levels/mainMenu.mainMenu:PersistentLevel.mainMenu' with GeneratedClass '/Game/levels/mainMenu.mainMenu_C' with ClassGeneratedBy '/Game/levels/mainMenu.mainMenu:PersistentLevel.mainMenu'
[2017.12.24-18.04.30:045][233]LogTemp: Repeating last play command: New Editor Window (PIE)
[2017.12.24-18.04.30:068][233]LogBlueprintUserMessages: Early PlayInEditor Detection: Level '/Game/levels/mainMenu.mainMenu:PersistentLevel' has LevelScriptBlueprint '/Game/levels/mainMenu.mainMenu:PersistentLevel.mainMenu' with GeneratedClass '/Game/levels/mainMenu.mainMenu_C' with ClassGeneratedBy '/Game/levels/mainMenu.mainMenu:PersistentLevel.mainMenu'
[2017.12.24-18.04.30:068][233]LogPlayLevel: PlayLevel: No blueprints needed recompiling
[2017.12.24-18.04.30:068][233]PIE: New page: PIE session: mainMenu (Dec 24, 2017, 8:04:30 AM)
[2017.12.24-18.04.30:071][233]LogPlayLevel: Creating play world package: /Game/levels/UEDPIE_0_mainMenu
[2017.12.24-18.04.30:074][233]LogPlayLevel: PIE: StaticDuplicateObject took: (0.003072s)
[2017.12.24-18.04.30:075][233]LogAIModule: Creating AISystem for world mainMenu
[2017.12.24-18.04.30:076][233]LogPlayLevel: PIE: World Init took: (0.001050s)
[2017.12.24-18.04.30:076][233]LogPlayLevel: PIE: Created PIE world by copying editor world from /Game/levels/mainMenu.mainMenu to /Game/levels/UEDPIE_0_mainMenu.mainMenu (0.004534s)
[2017.12.24-18.04.30:105][233]LogInit: XAudio2 using 'Speakers (Realtek High Definition Audio)' : 2 channels at 48 kHz using 32 bits per sample (channel mask 0x3)
[2017.12.24-18.04.30:160][233]LogInit: FAudioDevice initialized.
[2017.12.24-18.04.30:206][233]LogLoad: Game class is '2DSideScrollerGameMode_C'
[2017.12.24-18.04.30:208][233]LogWorld: Bringing World /Game/levels/UEDPIE_0_mainMenu.mainMenu up for play (max tick rate 60) at 2017.12.24-13.04.30
[2017.12.24-18.04.30:208][233]LogWorld: Bringing up level for play took: 0.001693
[2017.12.24-18.04.30:215][233]PIE: Play in editor start time for /Game/levels/UEDPIE_0_mainMenu 0.39
[2017.12.24-18.04.30:215][233]LogBlueprintUserMessages: Late PlayInEditor Detection: Level '/Game/levels/mainMenu.mainMenu:PersistentLevel' has LevelScriptBlueprint '/Game/levels/mainMenu.mainMenu:PersistentLevel.mainMenu' with GeneratedClass '/Game/levels/mainMenu.mainMenu_C' with ClassGeneratedBy '/Game/levels/mainMenu.mainMenu:PersistentLevel.mainMenu'
[2017.12.24-18.04.34:259][393]LogStreaming: Warning: Failed to read file '../../../../../2017-team4/Saved/SaveGames/DigitalDemonSave.sav' error.
[2017.12.24-18.04.34:259][393]LogStreaming: Warning: Failed to read file '../../../../../2017-team4/Saved/SaveGames/DigitalDemonSave.sav' error.
[2017.12.24-18.04.35:034][425]LogStreaming: Warning: Failed to read file '../../../../../2017-team4/Saved/SaveGames/DigitalDemonSave.sav' error.
[2017.12.24-18.04.35:034][425]LogStreaming: Warning: Failed to read file '../../../../../2017-team4/Saved/SaveGames/DigitalDemonSave.sav' error.
[2017.12.24-18.04.39:395][605]LogNet: Browse: /Game/DigitalDemon/Levels/BorderLevel
[2017.12.24-18.04.39:435][605]LogLoad: LoadMap: /Game/DigitalDemon/Levels/BorderLevel
[2017.12.24-18.04.39:455][605]Cmd: MEM
[2017.12.24-18.04.39:470][605]LogMemory: Platform Memory Stats for Windows
[2017.12.24-18.04.39:471][605]LogMemory: Process Physical Memory: 1673.84 MB used, 1719.95 MB peak
[2017.12.24-18.04.39:471][605]LogMemory: Process Virtual Memory: 1623.80 MB used, 1680.75 MB peak
[2017.12.24-18.04.39:471][605]LogMemory: Physical Memory: 5607.68 MB used,  6563.49 MB free, 12171.18 MB total
[2017.12.24-18.04.39:471][605]LogMemory: Virtual Memory: 2501.63 MB used,  6563.49 MB free, 134217728.00 MB total
[2017.12.24-18.04.39:471][605]LogMemory: 
[2017.12.24-18.04.39:471][605]Allocator Stats for TBB: (not implemented)
[2017.12.24-18.04.39:838][605]LogAIModule: Creating AISystem for world BorderLevel
[2017.12.24-18.04.39:838][605]LogLoad: Game class is '2DSideScrollerGameMode_C'
[2017.12.24-18.04.39:845][605]LogWorld: Bringing World /Game/DigitalDemon/Levels/UEDPIE_0_BorderLevel.BorderLevel up for play (max tick rate 60) at 2017.12.24-13.04.39
[2017.12.24-18.04.39:845][605]LogWorld: Bringing up level for play took: 0.006250
[2017.12.24-18.04.39:846][605]LogGameMode: FindPlayerStart: PATHS NOT DEFINED or NO PLAYERSTART with positive rating
[2017.12.24-18.04.39:851][605]LogLoad: Took 0.415305 seconds to LoadMap(/Game/DigitalDemon/Levels/BorderLevel)
[2017.12.24-18.05.21:696][122]LogBlueprintUserMessages: Early EndPlayMap Detection: Level '/Game/levels/mainMenu.mainMenu:PersistentLevel' has LevelScriptBlueprint '/Game/levels/mainMenu.mainMenu:PersistentLevel.mainMenu' with GeneratedClass '/Game/levels/mainMenu.mainMenu_C' with ClassGeneratedBy '/Game/levels/mainMenu.mainMenu:PersistentLevel.mainMenu'
[2017.12.24-18.05.21:757][122]LogBlueprintUserMessages: Late EndPlayMap Detection: Level '/Game/levels/mainMenu.mainMenu:PersistentLevel' has LevelScriptBlueprint '/Game/levels/mainMenu.mainMenu:PersistentLevel.mainMenu' with GeneratedClass '/Game/levels/mainMenu.mainMenu_C' with ClassGeneratedBy '/Game/levels/mainMenu.mainMenu:PersistentLevel.mainMenu'
[2017.12.24-18.05.38:858][ 97]Cmd: QUIT_EDITOR
[2017.12.24-18.05.39:064][ 97]LogWindowsTextInputMethodSystem: Display: IME system now deactivated.
[2017.12.24-18.05.39:064][ 97]LogWindowsTextInputMethodSystem: Display: IME system now deactivated.
[2017.12.24-18.05.39:236][ 97]LogExit: Preparing to exit.
[2017.12.24-18.05.40:051][ 97]LogDirectoryWatcher: A directory notification for 'C:/Users/jktig/Documents/2017-team4/Content/' was aborted.
[2017.12.24-18.05.40:447][ 97]LogExit: Editor shut down
[2017.12.24-18.05.40:461][ 97]LogExit: Transaction tracking system shut down
[2017.12.24-18.05.40:677][ 97]LogDirectoryWatcher: A directory notification for '../../../Engine/Content/' was aborted.
[2017.12.24-18.05.40:678][ 97]LogDirectoryWatcher: A directory notification for '../../../../../2017-team4/Content/' was aborted.
[2017.12.24-18.05.40:678][ 97]LogDirectoryWatcher: A directory notification for '../../../Engine/Plugins/2D/Paper2D/Content/' was aborted.
[2017.12.24-18.05.40:678][ 97]LogDirectoryWatcher: A directory notification for '../../../Engine/Plugins/Runtime/Oculus/OculusVR/Content/' was aborted.
[2017.12.24-18.05.40:678][ 97]LogDirectoryWatcher: A directory notification for '../../../Engine/Plugins/Runtime/Steam/SteamVR/Content/' was aborted.
[2017.12.24-18.05.40:764][ 97]LogExit: Object subsystem successfully closed.
[2017.12.24-18.05.40:784][ 97]LogD3D11RHI: Shutdown
[2017.12.24-18.05.40:784][ 97]LogD3D11RHI: CleanupD3DDevice
[2017.12.24-18.05.40:833][ 97]LogD3D11RHI: ~FD3D11DynamicRHI
[2017.12.24-18.05.40:874][ 97]LogModuleManager: Shutting down and abandoning module MovieSceneCapture (532)
[2017.12.24-18.05.40:874][ 97]LogModuleManager: Shutting down and abandoning module HierarchicalLODOutliner (530)
[2017.12.24-18.05.40:874][ 97]LogModuleManager: Shutting down and abandoning module SceneOutliner (528)
[2017.12.24-18.05.40:874][ 97]LogModuleManager: Shutting down and abandoning module AddContentDialog (526)
[2017.12.24-18.05.40:874][ 97]LogDirectoryWatcher: A directory notification for 'C:/Users/jktig/Documents/unreal4/UE_4.17/FeaturePacks/' was aborted.
[2017.12.24-18.05.40:875][ 97]LogModuleManager: Shutting down and abandoning module WidgetCarousel (525)
[2017.12.24-18.05.40:875][ 97]LogModuleManager: Shutting down and abandoning module EditorWidgets (522)
[2017.12.24-18.05.40:875][ 97]LogModuleManager: Shutting down and abandoning module CollectionManager (520)
[2017.12.24-18.05.40:875][ 97]LogDirectoryWatcher: A directory notification for 'C:/Users/jktig/Documents/2017-team4/Content/Collections/' was aborted.
[2017.12.24-18.05.40:875][ 97]LogDirectoryWatcher: A directory notification for 'C:/Users/jktig/Documents/2017-team4/Content/Developers/jktig/Collections/' was aborted.
[2017.12.24-18.05.40:875][ 97]LogDirectoryWatcher: A directory notification for 'C:/Users/jktig/Documents/2017-team4/Saved/Collections/' was aborted.
[2017.12.24-18.05.40:875][ 97]LogModuleManager: Shutting down and abandoning module StatsViewer (518)
[2017.12.24-18.05.40:875][ 97]LogModuleManager: Shutting down and abandoning module FoliageEdit (516)
[2017.12.24-18.05.40:875][ 97]LogModuleManager: Shutting down and abandoning module LandscapeEditor (514)
[2017.12.24-18.05.40:875][ 97]LogModuleManager: Shutting down and abandoning module MeshPaintMode (512)
[2017.12.24-18.05.40:875][ 97]LogModuleManager: Shutting down and abandoning module SceneDepthPickerMode (510)
[2017.12.24-18.05.40:875][ 97]LogModuleManager: Shutting down and abandoning module ActorPickerMode (508)
[2017.12.24-18.05.40:875][ 97]LogModuleManager: Shutting down and abandoning module GeometryMode (506)
[2017.12.24-18.05.40:875][ 97]LogModuleManager: Shutting down and abandoning module TextureAlignMode (504)
[2017.12.24-18.05.40:875][ 97]LogModuleManager: Shutting down and abandoning module BspMode (502)
[2017.12.24-18.05.40:875][ 97]LogModuleManager: Shutting down and abandoning module PIEPreviewDeviceProfileSelector (500)
[2017.12.24-18.05.40:875][ 97]LogModuleManager: Shutting down and abandoning module HardwareSurvey (498)
[2017.12.24-18.05.40:875][ 97]LogModuleManager: Shutting down and abandoning module SequenceRecorderSections (496)
[2017.12.24-18.05.40:875][ 97]LogModuleManager: Shutting down and abandoning module AutomationWorker (494)
[2017.12.24-18.05.40:875][ 97]LogModuleManager: Shutting down and abandoning module MatineeToLevelSequence (492)
[2017.12.24-18.05.40:875][ 97]LogModuleManager: Shutting down and abandoning module LevelSequenceEditor (490)
[2017.12.24-18.05.40:876][ 97]LogModuleManager: Shutting down and abandoning module PlacementMode (489)
[2017.12.24-18.05.40:876][ 97]LogModuleManager: Shutting down and abandoning module WmfMediaFactory (486)
[2017.12.24-18.05.40:876][ 97]LogModuleManager: Shutting down and abandoning module WmfMediaEditor (484)
[2017.12.24-18.05.40:876][ 97]LogModuleManager: Shutting down and abandoning module AvfMediaFactory (482)
[2017.12.24-18.05.40:876][ 97]LogModuleManager: Shutting down and abandoning module AvfMediaEditor (480)
[2017.12.24-18.05.40:876][ 97]LogModuleManager: Shutting down and abandoning module AndroidMediaFactory (478)
[2017.12.24-18.05.40:876][ 97]LogModuleManager: Shutting down and abandoning module Media (477)
[2017.12.24-18.05.40:876][ 97]LogModuleManager: Shutting down and abandoning module AndroidMediaEditor (474)
[2017.12.24-18.05.40:876][ 97]LogModuleManager: Shutting down and abandoning module CharacterAI (472)
[2017.12.24-18.05.40:876][ 97]LogModuleManager: Shutting down and abandoning module AudioCapture (470)
[2017.12.24-18.05.40:876][ 97]LogModuleManager: Shutting down and abandoning module SequenceRecorder (469)
[2017.12.24-18.05.40:876][ 97]LogModuleManager: Shutting down and abandoning module SmartSnapping (466)
[2017.12.24-18.05.40:876][ 97]LogModuleManager: Shutting down and abandoning module SessionServices (464)
[2017.12.24-18.05.40:876][ 97]LogModuleManager: Shutting down and abandoning module ViewportSnapping (462)
[2017.12.24-18.05.40:876][ 97]LogModuleManager: Shutting down and abandoning module ViewportInteraction (460)
[2017.12.24-18.05.40:876][ 97]LogModuleManager: Shutting down and abandoning module ClothPainter (458)
[2017.12.24-18.05.40:876][ 97]LogModuleManager: Shutting down and abandoning module LogVisualizer (456)
[2017.12.24-18.05.40:876][ 97]LogModuleManager: Shutting down and abandoning module IntroTutorials (454)
[2017.12.24-18.05.40:876][ 97]LogModuleManager: Shutting down and abandoning module GameProjectGeneration (453)
[2017.12.24-18.05.40:876][ 97]LogModuleManager: Shutting down and abandoning module IOSPlatformEditor (450)
[2017.12.24-18.05.40:876][ 97]LogModuleManager: Shutting down and abandoning module HTML5PlatformEditor (448)
[2017.12.24-18.05.40:876][ 97]LogModuleManager: Shutting down and abandoning module AndroidPlatformEditor (446)
[2017.12.24-18.05.40:876][ 97]LogModuleManager: Shutting down and abandoning module AndroidDeviceDetection (445)
[2017.12.24-18.05.40:954][ 97]LogModuleManager: Shutting down and abandoning module WindowsPlatformEditor (442)
[2017.12.24-18.05.40:954][ 97]LogModuleManager: Shutting down and abandoning module IOSRuntimeSettings (440)
[2017.12.24-18.05.40:954][ 97]LogModuleManager: Shutting down and abandoning module AndroidRuntimeSettings (438)
[2017.12.24-18.05.40:954][ 97]LogModuleManager: Shutting down and abandoning module InputBindingEditor (436)
[2017.12.24-18.05.40:954][ 97]LogModuleManager: Shutting down and abandoning module MergeActors (434)
[2017.12.24-18.05.40:954][ 97]LogModuleManager: Shutting down and abandoning module SizeMap (432)
[2017.12.24-18.05.40:954][ 97]LogModuleManager: Shutting down and abandoning module TreeMap (430)
[2017.12.24-18.05.40:954][ 97]LogModuleManager: Shutting down and abandoning module ReferenceViewer (428)
[2017.12.24-18.05.40:955][ 97]LogModuleManager: Shutting down and abandoning module LocalizationDashboard (426)
[2017.12.24-18.05.40:955][ 97]LogModuleManager: Shutting down and abandoning module LocalizationService (425)
[2017.12.24-18.05.40:955][ 97]LogModuleManager: Shutting down and abandoning module HardwareTargeting (422)
[2017.12.24-18.05.40:955][ 97]LogModuleManager: Shutting down and abandoning module DeviceProfileEditor (420)
[2017.12.24-18.05.40:955][ 97]LogModuleManager: Shutting down and abandoning module UndoHistory (418)
[2017.12.24-18.05.40:955][ 97]LogModuleManager: Shutting down and abandoning module XmlParser (416)
[2017.12.24-18.05.40:955][ 97]LogModuleManager: Shutting down and abandoning module Blutility (414)
[2017.12.24-18.05.40:955][ 97]LogModuleManager: Shutting down and abandoning module ProjectSettingsViewer (412)
[2017.12.24-18.05.40:955][ 97]LogModuleManager: Shutting down and abandoning module ProjectTargetPlatformEditor (411)
[2017.12.24-18.05.40:955][ 97]LogModuleManager: Shutting down and abandoning module EditorSettingsViewer (408)
[2017.12.24-18.05.40:955][ 97]LogModuleManager: Shutting down and abandoning module SettingsEditor (406)
[2017.12.24-18.05.40:955][ 97]LogModuleManager: Shutting down and abandoning module ProjectLauncher (404)
[2017.12.24-18.05.40:955][ 97]LogModuleManager: Shutting down and abandoning module SessionFrontend (402)
[2017.12.24-18.05.40:955][ 97]LogModuleManager: Shutting down and abandoning module ProfilerClient (400)
[2017.12.24-18.05.40:955][ 97]LogModuleManager: Shutting down and abandoning module DeviceManager (398)
[2017.12.24-18.05.40:956][ 97]LogModuleManager: Shutting down and abandoning module TargetDeviceServices (397)
[2017.12.24-18.05.41:009][ 97]LogModuleManager: Shutting down and abandoning module AutomationController (394)
[2017.12.24-18.05.41:009][ 97]LogModuleManager: Shutting down and abandoning module AutomationWindow (392)
[2017.12.24-18.05.41:009][ 97]LogModuleManager: Shutting down and abandoning module Layers (390)
[2017.12.24-18.05.41:010][ 97]LogModuleManager: Shutting down and abandoning module ComponentVisualizers (388)
[2017.12.24-18.05.41:010][ 97]LogModuleManager: Shutting down and abandoning module DetailCustomizations (386)
[2017.12.24-18.05.41:011][ 97]LogModuleManager: Shutting down and abandoning module PackagesDialog (384)
[2017.12.24-18.05.41:012][ 97]LogModuleManager: Shutting down and abandoning module Persona (382)
[2017.12.24-18.05.41:012][ 97]LogModuleManager: Shutting down and abandoning module AdvancedPreviewScene (381)
[2017.12.24-18.05.41:012][ 97]LogModuleManager: Shutting down and abandoning module AnimGraph (379)
[2017.12.24-18.05.41:013][ 97]LogModuleManager: Shutting down and abandoning module Kismet (376)
[2017.12.24-18.05.41:023][ 97]LogModuleManager: Shutting down and abandoning module ClassViewer (374)
[2017.12.24-18.05.41:023][ 97]LogModuleManager: Shutting down and abandoning module Toolbox (372)
[2017.12.24-18.05.41:023][ 97]LogModuleManager: Shutting down and abandoning module ModuleUI (370)
[2017.12.24-18.05.41:024][ 97]LogModuleManager: Shutting down and abandoning module MovieSceneTools (368)
[2017.12.24-18.05.41:024][ 97]LogModuleManager: Shutting down and abandoning module OutputLog (366)
[2017.12.24-18.05.41:024][ 97]LogModuleManager: Shutting down and abandoning module GammaUI (364)
[2017.12.24-18.05.41:024][ 97]LogModuleManager: Shutting down and abandoning module Documentation (362)
[2017.12.24-18.05.41:024][ 97]LogModuleManager: Shutting down and abandoning module MovieSceneTracks (360)
[2017.12.24-18.05.41:024][ 97]LogModuleManager: Shutting down and abandoning module MovieScene (358)
[2017.12.24-18.05.41:024][ 97]LogModuleManager: Shutting down and abandoning module Niagara (356)
[2017.12.24-18.05.41:024][ 97]LogModuleManager: Shutting down and abandoning module NiagaraEditor (355)
[2017.12.24-18.05.41:025][ 97]LogModuleManager: Shutting down and abandoning module StreamingPauseRendering (352)
[2017.12.24-18.05.41:025][ 97]LogModuleManager: Shutting down and abandoning module LauncherPlatform (350)
[2017.12.24-18.05.41:025][ 97]LogModuleManager: Shutting down and abandoning module AnalyticsET (348)
[2017.12.24-18.05.41:025][ 97]LogModuleManager: Shutting down and abandoning module PortalServices (346)
[2017.12.24-18.05.41:025][ 97]LogModuleManager: Shutting down and abandoning module PortalRpc (344)
[2017.12.24-18.05.41:025][ 97]LogModuleManager: Shutting down and abandoning module MessagingRpc (342)
[2017.12.24-18.05.41:025][ 97]LogModuleManager: Shutting down and abandoning module AIModule (340)
[2017.12.24-18.05.41:025][ 97]LogModuleManager: Shutting down and abandoning module GameplayDebugger (339)
[2017.12.24-18.05.41:026][ 97]LogModuleManager: Shutting down and abandoning module AITestSuite (337)
[2017.12.24-18.05.41:026][ 97]LogModuleManager: Shutting down and abandoning module ProfilerService (334)
[2017.12.24-18.05.41:239][ 97]LogModuleManager: Shutting down and abandoning module TaskGraph (332)
[2017.12.24-18.05.41:239][ 97]LogModuleManager: Shutting down and abandoning module SteamVRController (330)
[2017.12.24-18.05.41:239][ 97]LogModuleManager: Shutting down and abandoning module ProceduralMeshComponentEditor (328)
[2017.12.24-18.05.41:239][ 97]LogModuleManager: Shutting down and abandoning module ProceduralMeshComponent (326)
[2017.12.24-18.05.41:239][ 97]LogModuleManager: Shutting down and abandoning module OculusInput (324)
[2017.12.24-18.05.41:239][ 97]LogModuleManager: Shutting down and abandoning module MobilePatchingUtils (322)
[2017.12.24-18.05.41:239][ 97]LogModuleManager: Shutting down and abandoning module CustomMeshComponent (320)
[2017.12.24-18.05.41:239][ 97]LogModuleManager: Shutting down and abandoning module CableComponent (318)
[2017.12.24-18.05.41:239][ 97]LogModuleManager: Shutting down and abandoning module ArchVisCharacter (316)
[2017.12.24-18.05.41:239][ 97]LogModuleManager: Shutting down and abandoning module AndroidPermission (314)
[2017.12.24-18.05.41:239][ 97]LogModuleManager: Shutting down and abandoning module MediaPlayerEditor (310)
[2017.12.24-18.05.41:240][ 97]LogModuleManager: Shutting down and abandoning module HTML5Networking (308)
[2017.12.24-18.05.41:240][ 97]LogModuleManager: Shutting down and abandoning module AlembicImporter (306)
[2017.12.24-18.05.41:240][ 97]LogModuleManager: Shutting down and abandoning module AlembicLibrary (305)
[2017.12.24-18.05.41:240][ 97]LogModuleManager: Shutting down and abandoning module GeometryCache (304)
[2017.12.24-18.05.41:240][ 97]LogModuleManager: Shutting down and abandoning module GeometryCacheEd (303)
[2017.12.24-18.05.41:240][ 97]LogModuleManager: Shutting down and abandoning module SpeedTreeImporter (298)
[2017.12.24-18.05.41:240][ 97]LogModuleManager: Shutting down and abandoning module PluginBrowser (296)
[2017.12.24-18.05.41:240][ 97]LogModuleManager: Shutting down and abandoning module MobileLauncherProfileWizard (294)
[2017.12.24-18.05.41:240][ 97]LogModuleManager: Shutting down and abandoning module VisualStudioSourceCodeAccess (292)
[2017.12.24-18.05.41:240][ 97]LogModuleManager: Shutting down and abandoning module DesktopPlatform (291)
[2017.12.24-18.05.41:240][ 97]LogModuleManager: Shutting down and abandoning module UObjectPlugin (288)
[2017.12.24-18.05.41:240][ 97]LogModuleManager: Shutting down and abandoning module SubversionSourceControl (286)
[2017.12.24-18.05.41:240][ 97]LogModuleManager: Shutting down and abandoning module PerforceSourceControl (284)
[2017.12.24-18.05.41:240][ 97]LogModuleManager: Shutting down and abandoning module GitSourceControl (282)
[2017.12.24-18.05.41:240][ 97]LogModuleManager: Shutting down and abandoning module SourceControl (281)
[2017.12.24-18.05.41:240][ 97]LogModuleManager: Shutting down and abandoning module LightPropagationVolumeEditor (278)
[2017.12.24-18.05.41:240][ 97]LogModuleManager: Shutting down and abandoning module PaperTiledImporter (276)
[2017.12.24-18.05.41:240][ 97]LogModuleManager: Shutting down and abandoning module PaperSpriteSheetImporter (274)
[2017.12.24-18.05.41:240][ 97]LogModuleManager: Shutting down and abandoning module Paper2DEditor (272)
[2017.12.24-18.05.41:240][ 97]LogModuleManager: Shutting down and abandoning module MeshPaint (271)
[2017.12.24-18.05.41:240][ 97]LogModuleManager: Shutting down and abandoning module LevelEditor (269)
[2017.12.24-18.05.41:241][ 97]LogModuleManager: Shutting down and abandoning module PixelInspectorModule (268)
[2017.12.24-18.05.41:241][ 97]LogModuleManager: Shutting down and abandoning module MainFrame (266)
[2017.12.24-18.05.41:241][ 97]LogModuleManager: Shutting down and abandoning module HotReload (265)
[2017.12.24-18.05.41:241][ 97]LogModuleManager: Shutting down and abandoning module RuntimePhysXCooking (260)
[2017.12.24-18.05.41:241][ 97]LogModuleManager: Shutting down and abandoning module PhysXVehiclesEditor (258)
[2017.12.24-18.05.41:241][ 97]LogModuleManager: Shutting down and abandoning module PhysXVehicles (256)
[2017.12.24-18.05.41:241][ 97]LogModuleManager: Shutting down and abandoning module OculusEditor (254)
[2017.12.24-18.05.41:241][ 97]LogModuleManager: Shutting down and abandoning module LocationServicesBPLibrary (252)
[2017.12.24-18.05.41:241][ 97]LogModuleManager: Shutting down and abandoning module ImmediatePhysicsEditor (250)
[2017.12.24-18.05.41:241][ 97]LogModuleManager: Shutting down and abandoning module ImmediatePhysics (248)
[2017.12.24-18.05.41:241][ 97]LogModuleManager: Shutting down and abandoning module UdpMessaging (246)
[2017.12.24-18.05.41:343][ 97]LogModuleManager: Shutting down and abandoning module TcpMessaging (244)
[2017.12.24-18.05.41:444][ 97]LogModuleManager: Shutting down and abandoning module GameplayTagsEditor (242)
[2017.12.24-18.05.41:444][ 97]LogModuleManager: Shutting down and abandoning module FacialAnimationEditor (240)
[2017.12.24-18.05.41:444][ 97]LogModuleManager: Shutting down and abandoning module FacialAnimation (238)
[2017.12.24-18.05.41:444][ 97]LogModuleManager: Shutting down and abandoning module AssetManagerEditor (236)
[2017.12.24-18.05.41:444][ 97]LogModuleManager: Shutting down and abandoning module GraphEditor (235)
[2017.12.24-18.05.41:444][ 97]LogModuleManager: Shutting down and abandoning module ContentBrowser (233)
[2017.12.24-18.05.41:445][ 97]LogModuleManager: Shutting down and abandoning module LightPropagationVolumeRuntime (230)
[2017.12.24-18.05.41:445][ 97]LogModuleManager: Shutting down and abandoning module Paper2D (228)
[2017.12.24-18.05.41:445][ 97]LogModuleManager: Shutting down and abandoning module WindowsMoviePlayer (226)
[2017.12.24-18.05.41:445][ 97]LogModuleManager: Shutting down and abandoning module WmfMedia (224)
[2017.12.24-18.05.41:445][ 97]LogModuleManager: Shutting down and abandoning module PacketHandler (222)
[2017.12.24-18.05.41:445][ 97]LogModuleManager: Shutting down and abandoning module ClothingSystemEditor (220)
[2017.12.24-18.05.41:445][ 97]LogModuleManager: Shutting down and abandoning module ClothingSystemRuntime (218)
[2017.12.24-18.05.41:445][ 97]LogModuleManager: Shutting down and abandoning module Overlay (216)
[2017.12.24-18.05.41:445][ 97]LogModuleManager: Shutting down and abandoning module OverlayEditor (215)
[2017.12.24-18.05.41:445][ 97]LogModuleManager: Shutting down and abandoning module MediaAssets (212)
[2017.12.24-18.05.41:445][ 97]LogModuleManager: Shutting down and abandoning module VREditor (210)
[2017.12.24-18.05.41:445][ 97]LogModuleManager: Shutting down and abandoning module StringTableEditor (208)
[2017.12.24-18.05.41:445][ 97]LogModuleManager: Shutting down and abandoning module GameplayTasksEditor (206)
[2017.12.24-18.05.41:445][ 97]LogModuleManager: Shutting down and abandoning module BehaviorTreeEditor (204)
[2017.12.24-18.05.41:445][ 97]LogModuleManager: Shutting down and abandoning module FunctionalTesting (202)
[2017.12.24-18.05.41:445][ 97]LogModuleManager: Shutting down and abandoning module CollisionAnalyzer (200)
[2017.12.24-18.05.41:445][ 97]LogModuleManager: Shutting down and abandoning module WorkspaceMenuStructure (199)
[2017.12.24-18.05.41:445][ 97]LogModuleManager: Shutting down and abandoning module UMG (196)
[2017.12.24-18.05.41:445][ 97]LogModuleManager: Shutting down and abandoning module UMGEditor (195)
[2017.12.24-18.05.41:445][ 97]LogModuleManager: Shutting down and abandoning module Sequencer (194)
[2017.12.24-18.05.41:445][ 97]LogModuleManager: Shutting down and abandoning module MessageLog (191)
[2017.12.24-18.05.41:445][ 97]LogModuleManager: Shutting down and abandoning module SlateReflector (186)
[2017.12.24-18.05.41:445][ 97]LogModuleManager: Shutting down and abandoning module Slate (184)
[2017.12.24-18.05.41:445][ 97]LogModuleManager: Shutting down and abandoning module EditorStyle (182)
[2017.12.24-18.05.41:449][ 97]LogModuleManager: Shutting down and abandoning module MRMesh (180)
[2017.12.24-18.05.41:449][ 97]LogModuleManager: Shutting down and abandoning module SourceCodeAccess (178)
[2017.12.24-18.05.41:449][ 97]LogModuleManager: Shutting down and abandoning module HeadMountedDisplay (176)
[2017.12.24-18.05.41:449][ 97]LogModuleManager: Shutting down and abandoning module XAudio2 (174)
[2017.12.24-18.05.41:449][ 97]LogModuleManager: Shutting down and abandoning module Networking (172)
[2017.12.24-18.05.41:449][ 97]LogModuleManager: Shutting down and abandoning module Core (168)
[2017.12.24-18.05.41:449][ 97]LogModuleManager: Shutting down and abandoning module KismetCompiler (164)
[2017.12.24-18.05.41:449][ 97]LogModuleManager: Shutting down and abandoning module LevelSequence (162)
[2017.12.24-18.05.41:449][ 97]LogModuleManager: Shutting down and abandoning module MeshUtilities (160)
[2017.12.24-18.05.41:449][ 97]LogModuleManager: Shutting down and abandoning module MeshMergeUtilities (159)
[2017.12.24-18.05.41:449][ 97]LogModuleManager: Shutting down and abandoning module MeshReductionInterface (158)
[2017.12.24-18.05.41:449][ 97]LogModuleManager: Shutting down and abandoning module SimplygonSwarm (157)
[2017.12.24-18.05.41:449][ 97]LogModuleManager: Shutting down and abandoning module SimplygonMeshReduction (155)
[2017.12.24-18.05.41:449][ 97]LogModuleManager: Shutting down and abandoning module QuadricMeshReduction (153)
[2017.12.24-18.05.41:449][ 97]LogModuleManager: Shutting down and abandoning module MaterialBaking (149)
[2017.12.24-18.05.41:449][ 97]LogModuleManager: Shutting down and abandoning module DirectoryWatcher (146)
[2017.12.24-18.05.41:449][ 97]LogModuleManager: Shutting down and abandoning module DerivedDataCache (144)
[2017.12.24-18.05.41:518][ 97]LogDerivedDataCache: Shutdown
[2017.12.24-18.05.41:518][ 97]LogModuleManager: Shutting down and abandoning module TargetPlatform (142)
[2017.12.24-18.05.41:518][ 97]LogModuleManager: Shutting down and abandoning module VulkanShaderFormat (141)
[2017.12.24-18.05.41:518][ 97]LogModuleManager: Shutting down and abandoning module ShaderFormatVectorVM (139)
[2017.12.24-18.05.41:518][ 97]LogModuleManager: Shutting down and abandoning module ShaderFormatOpenGL (137)
[2017.12.24-18.05.41:518][ 97]LogModuleManager: Shutting down and abandoning module ShaderFormatD3D (135)
[2017.12.24-18.05.41:518][ 97]LogModuleManager: Shutting down and abandoning module MetalShaderFormat (133)
[2017.12.24-18.05.41:518][ 97]LogModuleManager: Shutting down and abandoning module TextureFormatUncompressed (131)
[2017.12.24-18.05.41:518][ 97]LogModuleManager: Shutting down and abandoning module TextureFormatPVR (129)
[2017.12.24-18.05.41:518][ 97]LogModuleManager: Shutting down and abandoning module TextureFormatDXT (127)
[2017.12.24-18.05.41:518][ 97]LogModuleManager: Shutting down and abandoning module TextureFormatIntelISPCTexComp (125)
[2017.12.24-18.05.41:519][ 97]LogModuleManager: Shutting down and abandoning module TextureFormatASTC (123)
[2017.12.24-18.05.41:519][ 97]LogModuleManager: Shutting down and abandoning module ImageWrapper (122)
[2017.12.24-18.05.41:519][ 97]LogModuleManager: Shutting down and abandoning module TextureFormatAndroid (119)
[2017.12.24-18.05.41:519][ 97]LogModuleManager: Shutting down and abandoning module AudioFormatOpus (117)
[2017.12.24-18.05.41:519][ 97]LogModuleManager: Shutting down and abandoning module AudioFormatOgg (115)
[2017.12.24-18.05.41:519][ 97]LogModuleManager: Shutting down and abandoning module AudioFormatADPCM (113)
[2017.12.24-18.05.41:519][ 97]LogModuleManager: Shutting down and abandoning module LinuxTargetPlatform (111)
[2017.12.24-18.05.41:519][ 97]LogModuleManager: Shutting down and abandoning module LinuxServerTargetPlatform (109)
[2017.12.24-18.05.41:519][ 97]LogModuleManager: Shutting down and abandoning module LinuxNoEditorTargetPlatform (107)
[2017.12.24-18.05.41:519][ 97]LogModuleManager: Shutting down and abandoning module LinuxClientTargetPlatform (105)
[2017.12.24-18.05.41:519][ 97]LogModuleManager: Shutting down and abandoning module TVOSTargetPlatform (103)
[2017.12.24-18.05.41:519][ 97]LogModuleManager: Shutting down and abandoning module Messaging (101)
[2017.12.24-18.05.41:519][ 97]LogModuleManager: Shutting down and abandoning module IOSTargetPlatform (99)
[2017.12.24-18.05.41:519][ 97]LogModuleManager: Shutting down and abandoning module HTML5TargetPlatform (97)
[2017.12.24-18.05.41:519][ 97]LogModuleManager: Shutting down and abandoning module Android_PVRTCTargetPlatform (95)
[2017.12.24-18.05.41:519][ 97]LogModuleManager: Shutting down and abandoning module Android_MultiTargetPlatform (93)
[2017.12.24-18.05.41:519][ 97]LogModuleManager: Shutting down and abandoning module Android_ETC2TargetPlatform (91)
[2017.12.24-18.05.41:519][ 97]LogModuleManager: Shutting down and abandoning module Android_ETC1TargetPlatform (89)
[2017.12.24-18.05.41:519][ 97]LogModuleManager: Shutting down and abandoning module Android_DXTTargetPlatform (87)
[2017.12.24-18.05.41:519][ 97]LogModuleManager: Shutting down and abandoning module Android_ATCTargetPlatform (85)
[2017.12.24-18.05.41:519][ 97]LogModuleManager: Shutting down and abandoning module Android_ASTCTargetPlatform (83)
[2017.12.24-18.05.41:519][ 97]LogModuleManager: Shutting down and abandoning module AndroidTargetPlatform (81)
[2017.12.24-18.05.41:519][ 97]LogModuleManager: Shutting down and abandoning module WindowsTargetPlatform (79)
[2017.12.24-18.05.41:519][ 97]LogModuleManager: Shutting down and abandoning module WindowsServerTargetPlatform (77)
[2017.12.24-18.05.41:519][ 97]LogModuleManager: Shutting down and abandoning module WindowsNoEditorTargetPlatform (75)
[2017.12.24-18.05.41:519][ 97]LogModuleManager: Shutting down and abandoning module WindowsClientTargetPlatform (73)
[2017.12.24-18.05.41:519][ 97]LogModuleManager: Shutting down and abandoning module MacTargetPlatform (71)
[2017.12.24-18.05.41:519][ 97]LogModuleManager: Shutting down and abandoning module MacServerTargetPlatform (69)
[2017.12.24-18.05.41:519][ 97]LogModuleManager: Shutting down and abandoning module MacNoEditorTargetPlatform (67)
[2017.12.24-18.05.41:519][ 97]LogModuleManager: Shutting down and abandoning module MacClientTargetPlatform (65)
[2017.12.24-18.05.41:519][ 97]LogModuleManager: Shutting down and abandoning module AllDesktopTargetPlatform (63)
[2017.12.24-18.05.41:519][ 97]LogModuleManager: Shutting down and abandoning module InputCore (60)
[2017.12.24-18.05.41:519][ 97]LogModuleManager: Shutting down and abandoning module Settings (58)
[2017.12.24-18.05.41:520][ 97]LogModuleManager: Shutting down and abandoning module PhysXCooking (56)
[2017.12.24-18.05.41:520][ 97]LogModuleManager: Shutting down and abandoning module SteamVR (54)
[2017.12.24-18.05.41:520][ 97]LogModuleManager: Shutting down and abandoning module OculusHMD (52)
[2017.12.24-18.05.41:520][ 97]LogModuleManager: Shutting down and abandoning module ExampleDeviceProfileSelector (50)
[2017.12.24-18.05.41:520][ 97]LogModuleManager: Shutting down and abandoning module OnlineBlueprintSupport (48)
[2017.12.24-18.05.41:520][ 97]LogModuleManager: Shutting down and abandoning module OnlineSubsystem (44)
[2017.12.24-18.05.41:520][ 97]LogOnline: Display: Unloading online subsystem: NULL
[2017.12.24-18.05.41:520][ 97]LogModuleManager: Shutting down and abandoning module XMPP (43)
[2017.12.24-18.05.41:520][ 97]LogModuleManager: Shutting down and abandoning module HTTP (41)
[2017.12.24-18.05.41:520][ 97]LogHttp: Display: Http module shutting down, but needs to wait on 1 outstanding Http requests:
[2017.12.24-18.05.41:520][ 97]LogHttp: Display: 	verb=[POST] url=[https://datarouter.ol.epicgames.com/datarouter/api/v1/public/data?SessionID=%7BBA42136F-457E-4782-32A6-05ACA8FE972E%7D&AppID=UEEditor.Rocket.Release&AppVersion=4.17.2-3658906%2B%2B%2BUE4%2BRelease-4.17&UserID=3c6640c045dfb3edb04fc3b3056d9a77%7Cfedc574cb3814e2c9a968877736d69ba%7C4bc4c11d-f3c9-4102-a94a-e742d39ba7c3&AppEnvironment=datacollector-binary&UploadType=eteventstream] status=Processing
[2017.12.24-18.05.41:540][ 97]LogModuleManager: Shutting down and abandoning module SSL (40)
[2017.12.24-18.05.41:541][ 97]LogModuleManager: Shutting down and abandoning module AnimationModifiers (36)
[2017.12.24-18.05.41:541][ 97]LogModuleManager: Shutting down and abandoning module PropertyEditor (35)
[2017.12.24-18.05.41:541][ 97]LogModuleManager: Shutting down and abandoning module AudioEditor (32)
[2017.12.24-18.05.41:541][ 97]LogModuleManager: Shutting down and abandoning module TextureCompressor (30)
[2017.12.24-18.05.41:541][ 97]LogModuleManager: Shutting down and abandoning module ShaderCore (28)
[2017.12.24-18.05.41:541][ 97]LogModuleManager: Shutting down and abandoning module Landscape (26)
[2017.12.24-18.05.41:541][ 97]LogModuleManager: Shutting down and abandoning module SlateRHIRenderer (24)
[2017.12.24-18.05.41:542][ 97]LogModuleManager: Shutting down and abandoning module OpenGLDrv (22)
[2017.12.24-18.05.41:542][ 97]LogModuleManager: Shutting down and abandoning module D3D11RHI (20)
[2017.12.24-18.05.41:542][ 97]LogModuleManager: Shutting down and abandoning module AnimGraphRuntime (18)
[2017.12.24-18.05.41:542][ 97]LogModuleManager: Shutting down and abandoning module Renderer (16)
[2017.12.24-18.05.41:542][ 97]LogModuleManager: Shutting down and abandoning module Engine (14)
[2017.12.24-18.05.41:542][ 97]LogModuleManager: Shutting down and abandoning module CoreUObject (12)
[2017.12.24-18.05.41:542][ 97]LogModuleManager: Shutting down and abandoning module NetworkFile (10)
[2017.12.24-18.05.41:542][ 97]LogModuleManager: Shutting down and abandoning module CookedIterativeFile (8)
[2017.12.24-18.05.41:542][ 97]LogModuleManager: Shutting down and abandoning module StreamingFile (6)
[2017.12.24-18.05.41:542][ 97]LogModuleManager: Shutting down and abandoning module SandboxFile (4)
[2017.12.24-18.05.41:542][ 97]LogModuleManager: Shutting down and abandoning module PakFile (2)
[2017.12.24-18.05.41:544][ 97]LogExit: Exiting.
[2017.12.24-18.05.41:554][ 97]Log file closed, 12/24/17 13:05:41
